SF:lib/core/auth/auth_use_case.dart
DA:6,1
DA:8,1
DA:10,2
LF:3
LH:3
end_of_record
SF:lib/presentation/pages/presenters/getx_login_page_presenter.dart
DA:11,1
DA:13,1
DA:15,2
DA:16,2
DA:17,2
DA:18,2
DA:21,1
DA:22,1
LF:8
LH:8
end_of_record
SF:lib/core/customers/customer_details.dart
DA:25,4
DA:50,1
DA:51,1
DA:52,1
DA:53,1
DA:54,1
DA:55,1
DA:56,1
DA:57,1
DA:58,1
DA:59,1
DA:60,1
DA:61,1
DA:62,1
DA:63,1
DA:64,2
DA:65,1
DA:66,1
DA:67,1
DA:68,1
DA:69,1
DA:70,1
DA:71,1
DA:72,1
DA:73,2
DA:74,1
DA:75,2
DA:86,1
DA:93,1
DA:94,1
DA:95,1
DA:96,1
DA:97,1
DA:98,1
DA:107,1
DA:112,1
DA:113,1
DA:114,1
DA:115,1
LF:39
LH:39
end_of_record
SF:lib/core/customers/customer_use_case.dart
DA:9,1
DA:11,1
DA:12,2
DA:14,2
DA:15,3
DA:21,1
DA:22,2
DA:23,3
LF:8
LH:8
end_of_record
SF:lib/presentation/pages/presenters/getx_customer_detail_page_presenter.dart
DA:10,1
DA:15,1
DA:16,1
DA:17,1
DA:18,1
DA:20,1
DA:22,2
DA:23,3
DA:24,2
LF:9
LH:9
end_of_record
SF:lib/core/customers/customer.dart
DA:12,5
DA:24,1
DA:25,1
DA:26,1
DA:27,1
DA:28,1
DA:29,1
DA:30,1
DA:31,1
DA:32,1
DA:33,1
DA:34,1
DA:35,2
LF:13
LH:13
end_of_record
SF:lib/shared/format_cnpj_or_cpf.dart
DA:3,4
DA:4,4
DA:5,2
DA:6,4
DA:7,2
LF:5
LH:5
end_of_record
SF:lib/presentation/pages/presenters/getx_homepage_presenter.dart
DA:10,1
DA:16,1
DA:17,1
DA:19,1
DA:20,1
DA:22,1
DA:24,2
DA:25,3
DA:26,2
DA:27,2
DA:30,1
DA:32,1
DA:33,1
DA:35,1
DA:37,1
DA:40,1
DA:42,4
LF:17
LH:17
end_of_record
SF:lib/ui/pages/customerDetails/customer_details_page.dart
DA:7,1
DA:9,1
DA:12,2
DA:13,3
DA:14,1
DA:16,1
DA:17,1
DA:18,5
DA:20,2
DA:23,1
DA:24,1
DA:25,4
DA:26,1
DA:27,4
DA:29,1
DA:31,1
DA:33,1
DA:34,1
DA:35,2
DA:36,3
DA:38,1
DA:39,2
DA:40,3
DA:42,1
DA:43,2
DA:44,3
DA:47,1
DA:48,2
DA:49,3
DA:51,1
DA:52,2
DA:53,3
DA:55,1
DA:56,5
DA:57,3
DA:59,1
DA:60,2
DA:61,3
LF:38
LH:38
end_of_record
SF:lib/ui/pages/homepage/homepage.dart
DA:9,1
DA:11,1
DA:13,2
DA:14,1
DA:16,1
DA:18,1
DA:19,2
DA:20,1
DA:24,1
DA:25,1
DA:28,1
DA:29,1
DA:33,1
DA:34,1
DA:35,1
DA:37,1
DA:39,1
DA:40,1
DA:41,4
DA:44,1
DA:46,1
DA:47,2
DA:48,1
DA:52,1
DA:53,1
DA:57,1
DA:58,2
DA:61,2
DA:62,1
DA:63,2
DA:64,1
DA:66,2
LF:32
LH:32
end_of_record
SF:lib/ui/widgets/customer_card.dart
DA:6,2
DA:15,2
DA:17,2
DA:18,2
DA:19,6
DA:21,2
DA:22,2
DA:23,2
DA:24,2
DA:25,6
DA:31,2
DA:33,2
DA:34,2
DA:35,2
DA:36,2
DA:38,2
DA:39,10
DA:40,6
DA:46,2
DA:47,6
DA:48,6
DA:50,4
DA:51,1
DA:52,2
DA:53,3
LF:25
LH:25
end_of_record
SF:lib/ui/pages/login/login_page.dart
DA:6,1
DA:8,1
DA:10,2
DA:11,1
DA:12,1
DA:14,1
DA:15,3
DA:18,1
DA:19,1
DA:20,1
DA:21,1
DA:23,1
DA:25,1
DA:26,1
DA:28,3
DA:31,1
DA:39,1
DA:48,1
DA:50,1
DA:51,1
DA:53,1
DA:54,1
DA:55,1
DA:56,3
LF:24
LH:24
end_of_record
SF:lib/ui/pages/splash/splash.dart
DA:6,1
DA:8,1
DA:10,2
DA:12,1
LF:4
LH:4
end_of_record
SF:lib/shared/debouncer.dart
DA:6,1
DA:7,4
DA:8,3
DA:9,1
DA:13,1
DA:14,2
LF:6
LH:6
end_of_record
